Release 14.6 - xst P.68d (lin64)
Copyright (c) 1995-2013 Xilinx, Inc.  All rights reserved.
--> 
Parameter TMPDIR set to xst/projnav.tmp


Total REAL time to Xst completion: 0.00 secs
Total CPU time to Xst completion: 0.03 secs
 
--> 
Parameter xsthdpdir set to xst


Total REAL time to Xst completion: 0.00 secs
Total CPU time to Xst completion: 0.03 secs
 
--> 
Reading design: mojo_top.prj

TABLE OF CONTENTS
  1) Synthesis Options Summary
  2) HDL Parsing
  3) HDL Elaboration
  4) HDL Synthesis
       4.1) HDL Synthesis Report
  5) Advanced HDL Synthesis
       5.1) Advanced HDL Synthesis Report
  6) Low Level Synthesis
  7) Partition Report
  8) Design Summary
       8.1) Primitive and Black Box Usage
       8.2) Device utilization summary
       8.3) Partition Resource Summary
       8.4) Timing Report
            8.4.1) Clock Information
            8.4.2) Asynchronous Control Signals Information
            8.4.3) Timing Summary
            8.4.4) Timing Details
            8.4.5) Cross Clock Domains Report


=========================================================================
*                      Synthesis Options Summary                        *
=========================================================================
---- Source Parameters
Input File Name                    : "mojo_top.prj"
Ignore Synthesis Constraint File   : NO

---- Target Parameters
Output File Name                   : "mojo_top"
Output Format                      : NGC
Target Device                      : xc6slx9-2-tqg144

---- Source Options
Top Module Name                    : mojo_top
Automatic FSM Extraction           : YES
FSM Encoding Algorithm             : Auto
Safe Implementation                : No
FSM Style                          : LUT
RAM Extraction                     : Yes
RAM Style                          : Auto
ROM Extraction                     : Yes
Shift Register Extraction          : YES
ROM Style                          : Auto
Resource Sharing                   : YES
Asynchronous To Synchronous        : NO
Shift Register Minimum Size        : 2
Use DSP Block                      : Auto
Automatic Register Balancing       : No

---- Target Options
LUT Combining                      : Auto
Reduce Control Sets                : Auto
Add IO Buffers                     : YES
Global Maximum Fanout              : 100000
Add Generic Clock Buffer(BUFG)     : 16
Register Duplication               : YES
Optimize Instantiated Primitives   : NO
Use Clock Enable                   : Auto
Use Synchronous Set                : Auto
Use Synchronous Reset              : Auto
Pack IO Registers into IOBs        : Auto
Equivalent register Removal        : YES

---- General Options
Optimization Goal                  : Speed
Optimization Effort                : 1
Power Reduction                    : NO
Keep Hierarchy                     : No
Netlist Hierarchy                  : As_Optimized
RTL Output                         : Yes
Global Optimization                : AllClockNets
Read Cores                         : YES
Write Timing Constraints           : NO
Cross Clock Analysis               : NO
Hierarchy Separator                : /
Bus Delimiter                      : <>
Case Specifier                     : Maintain
Slice Utilization Ratio            : 100
BRAM Utilization Ratio             : 100
DSP48 Utilization Ratio            : 100
Auto BRAM Packing                  : NO
Slice Utilization Ratio Delta      : 5

=========================================================================


=========================================================================
*                          HDL Parsing                                  *
=========================================================================
Analyzing Verilog file "/home/ethan/fpga/Mojo-Base/pwm.v" into library work
Parsing module <pwm>.
Analyzing Verilog file "/home/ethan/fpga/Mojo-Base/counter.v" into library work
Parsing module <counter>.
Analyzing Verilog file "/home/ethan/fpga/Mojo-Base/src/mojo_top.v" into library work
Parsing module <mojo_top>.

=========================================================================
*                            HDL Elaboration                            *
=========================================================================

Elaborating module <mojo_top>.
WARNING:HDLCompiler:1127 - "/home/ethan/fpga/Mojo-Base/src/mojo_top.v" Line 20: Assignment to out1 ignored, since the identifier is never used

Elaborating module <counter>.

Elaborating module <pwm(CTR_LEN=8)>.

=========================================================================
*                           HDL Synthesis                               *
=========================================================================

Synthesizing Unit <mojo_top>.
    Related source file is "/home/ethan/fpga/Mojo-Base/src/mojo_top.v".
WARNING:Xst:647 - Input <cclk> is never used. This port will be preserved and left unconnected if it belongs to a top-level block or it belongs to a sub-block and the hierarchy of this sub-block is preserved.
WARNING:Xst:647 - Input <spi_ss> is never used. This port will be preserved and left unconnected if it belongs to a top-level block or it belongs to a sub-block and the hierarchy of this sub-block is preserved.
WARNING:Xst:647 - Input <spi_mosi> is never used. This port will be preserved and left unconnected if it belongs to a top-level block or it belongs to a sub-block and the hierarchy of this sub-block is preserved.
WARNING:Xst:647 - Input <spi_sck> is never used. This port will be preserved and left unconnected if it belongs to a top-level block or it belongs to a sub-block and the hierarchy of this sub-block is preserved.
WARNING:Xst:647 - Input <avr_tx> is never used. This port will be preserved and left unconnected if it belongs to a top-level block or it belongs to a sub-block and the hierarchy of this sub-block is preserved.
WARNING:Xst:647 - Input <avr_rx_busy> is never used. This port will be preserved and left unconnected if it belongs to a top-level block or it belongs to a sub-block and the hierarchy of this sub-block is preserved.
    Found 1-bit tristate buffer for signal <spi_miso> created at line 21
    Found 1-bit tristate buffer for signal <avr_rx> created at line 22
    Found 1-bit tristate buffer for signal <spi_channel<3>> created at line 23
    Found 1-bit tristate buffer for signal <spi_channel<2>> created at line 23
    Found 1-bit tristate buffer for signal <spi_channel<1>> created at line 23
    Found 1-bit tristate buffer for signal <spi_channel<0>> created at line 23
    Summary:
	inferred   6 Tristate(s).
Unit <mojo_top> synthesized.

Synthesizing Unit <counter>.
    Related source file is "/home/ethan/fpga/Mojo-Base/counter.v".
    Found 25-bit register for signal <ctr_q>.
    Found 25-bit adder for signal <ctr_d> created at line 30.
    Summary:
	inferred   1 Adder/Subtractor(s).
	inferred  25 D-type flip-flop(s).
	inferred   1 Multiplexer(s).
Unit <counter> synthesized.

Synthesizing Unit <pwm>.
    Related source file is "/home/ethan/fpga/Mojo-Base/pwm.v".
        CTR_LEN = 8
    Found 1-bit register for signal <pwm_q>.
    Found 8-bit register for signal <ctr_q>.
    Found 8-bit adder for signal <ctr_d> created at line 33.
    Found 8-bit comparator greater for signal <pwm_d> created at line 35
    Summary:
	inferred   1 Adder/Subtractor(s).
	inferred   9 D-type flip-flop(s).
	inferred   1 Comparator(s).
Unit <pwm> synthesized.

=========================================================================
HDL Synthesis Report

Macro Statistics
# Adders/Subtractors                                   : 9
 25-bit adder                                          : 1
 8-bit adder                                           : 8
# Registers                                            : 17
 1-bit register                                        : 8
 25-bit register                                       : 1
 8-bit register                                        : 8
# Comparators                                          : 8
 8-bit comparator greater                              : 8
# Multiplexers                                         : 1
 8-bit 2-to-1 multiplexer                              : 1
# Tristates                                            : 6
 1-bit tristate buffer                                 : 6

=========================================================================

=========================================================================
*                       Advanced HDL Synthesis                          *
=========================================================================


Synthesizing (advanced) Unit <counter>.
The following registers are absorbed into counter <ctr_q>: 1 register on signal <ctr_q>.
Unit <counter> synthesized (advanced).

Synthesizing (advanced) Unit <pwm>.
The following registers are absorbed into counter <ctr_q>: 1 register on signal <ctr_q>.
Unit <pwm> synthesized (advanced).

=========================================================================
Advanced HDL Synthesis Report

Macro Statistics
# Counters                                             : 9
 25-bit up counter                                     : 1
 8-bit up counter                                      : 8
# Registers                                            : 8
 Flip-Flops                                            : 8
# Comparators                                          : 8
 8-bit comparator greater                              : 8
# Multiplexers                                         : 1
 8-bit 2-to-1 multiplexer                              : 1

=========================================================================

=========================================================================
*                         Low Level Synthesis                           *
=========================================================================
WARNING:Xst:1989 - Unit <mojo_top>: instances <pwm_generate[0].pwm>, <pwm_generate[1].pwm> of unit <pwm> are equivalent, second instance is removed
WARNING:Xst:1989 - Unit <mojo_top>: instances <pwm_generate[0].pwm>, <pwm_generate[2].pwm> of unit <pwm> are equivalent, second instance is removed
WARNING:Xst:1989 - Unit <mojo_top>: instances <pwm_generate[0].pwm>, <pwm_generate[3].pwm> of unit <pwm> are equivalent, second instance is removed
WARNING:Xst:1989 - Unit <mojo_top>: instances <pwm_generate[0].pwm>, <pwm_generate[4].pwm> of unit <pwm> are equivalent, second instance is removed
WARNING:Xst:1989 - Unit <mojo_top>: instances <pwm_generate[0].pwm>, <pwm_generate[5].pwm> of unit <pwm> are equivalent, second instance is removed
WARNING:Xst:1989 - Unit <mojo_top>: instances <pwm_generate[0].pwm>, <pwm_generate[6].pwm> of unit <pwm> are equivalent, second instance is removed
WARNING:Xst:1989 - Unit <mojo_top>: instances <pwm_generate[0].pwm>, <pwm_generate[7].pwm> of unit <pwm> are equivalent, second instance is removed

Optimizing unit <mojo_top> ...

Optimizing unit <counter> ...
INFO:Xst:2261 - The FF/Latch <pwm_generate[0].pwm/ctr_q_0> in Unit <mojo_top> is equivalent to the following FF/Latch, which will be removed : <pwm_counter/ctr_q_0> 
INFO:Xst:2261 - The FF/Latch <pwm_generate[0].pwm/ctr_q_1> in Unit <mojo_top> is equivalent to the following FF/Latch, which will be removed : <pwm_counter/ctr_q_1> 
INFO:Xst:2261 - The FF/Latch <pwm_generate[0].pwm/ctr_q_2> in Unit <mojo_top> is equivalent to the following FF/Latch, which will be removed : <pwm_counter/ctr_q_2> 
INFO:Xst:2261 - The FF/Latch <pwm_generate[0].pwm/ctr_q_3> in Unit <mojo_top> is equivalent to the following FF/Latch, which will be removed : <pwm_counter/ctr_q_3> 
INFO:Xst:2261 - The FF/Latch <pwm_generate[0].pwm/ctr_q_4> in Unit <mojo_top> is equivalent to the following FF/Latch, which will be removed : <pwm_counter/ctr_q_4> 
INFO:Xst:2261 - The FF/Latch <pwm_generate[0].pwm/ctr_q_5> in Unit <mojo_top> is equivalent to the following FF/Latch, which will be removed : <pwm_counter/ctr_q_5> 
INFO:Xst:2261 - The FF/Latch <pwm_generate[0].pwm/ctr_q_6> in Unit <mojo_top> is equivalent to the following FF/Latch, which will be removed : <pwm_counter/ctr_q_6> 
INFO:Xst:2261 - The FF/Latch <pwm_generate[0].pwm/ctr_q_7> in Unit <mojo_top> is equivalent to the following FF/Latch, which will be removed : <pwm_counter/ctr_q_7> 

Mapping all equations...
Building and optimizing final netlist ...
Found area constraint ratio of 100 (+ 5) on block mojo_top, actual ratio is 0.

Final Macro Processing ...

=========================================================================
Final Register Report

Macro Statistics
# Registers                                            : 26
 Flip-Flops                                            : 26

=========================================================================

=========================================================================
*                           Partition Report                            *
=========================================================================

Partition Implementation Status
-------------------------------

  No Partitions were found in this design.

-------------------------------

=========================================================================
*                            Design Summary                             *
=========================================================================

Top Level Output File Name         : mojo_top.ngc

Primitive and Black Box Usage:
------------------------------
# BELS                             : 103
#      GND                         : 1
#      INV                         : 3
#      LUT1                        : 31
#      LUT5                        : 4
#      LUT6                        : 5
#      MUXCY                       : 31
#      MUXF7                       : 2
#      VCC                         : 1
#      XORCY                       : 25
# FlipFlops/Latches                : 26
#      FD                          : 1
#      FDR                         : 25
# Clock Buffers                    : 1
#      BUFGP                       : 1
# IO Buffers                       : 15
#      IBUF                        : 1
#      OBUF                        : 8
#      OBUFT                       : 6

Device utilization summary:
---------------------------

Selected Device : 6slx9tqg144-2 


Slice Logic Utilization: 
 Number of Slice Registers:              26  out of  11440     0%  
 Number of Slice LUTs:                   43  out of   5720     0%  
    Number used as Logic:                43  out of   5720     0%  

Slice Logic Distribution: 
 Number of LUT Flip Flop pairs used:     43
   Number with an unused Flip Flop:      17  out of     43    39%  
   Number with an unused LUT:             0  out of     43     0%  
   Number of fully used LUT-FF pairs:    26  out of     43    60%  
   Number of unique control sets:         2

IO Utilization: 
 Number of IOs:                          22
 Number of bonded IOBs:                  16  out of    102    15%  

Specific Feature Utilization:
 Number of BUFG/BUFGCTRLs:                1  out of     16     6%  

---------------------------
Partition Resource Summary:
---------------------------

  No Partitions were found in this design.

---------------------------


=========================================================================
Timing Report

NOTE: THESE TIMING NUMBERS ARE ONLY A SYNTHESIS ESTIMATE.
      FOR ACCURATE TIMING INFORMATION PLEASE REFER TO THE TRACE REPORT
      GENERATED AFTER PLACE-and-ROUTE.

Clock Information:
------------------
-----------------------------------+------------------------+-------+
Clock Signal                       | Clock buffer(FF name)  | Load  |
-----------------------------------+------------------------+-------+
clk                                | BUFGP                  | 26    |
-----------------------------------+------------------------+-------+

Asynchronous Control Signals Information:
----------------------------------------
No asynchronous control signals found in this design

Timing Summary:
---------------
Speed Grade: -2

   Minimum period: 3.999ns (Maximum Frequency: 250.063MHz)
   Minimum input arrival time before clock: 4.125ns
   Maximum output required time after clock: 4.380ns
   Maximum combinational path delay: No path found

Timing Details:
---------------
All values displayed in nanoseconds (ns)

=========================================================================
Timing constraint: Default period analysis for Clock 'clk'
  Clock period: 3.999ns (frequency: 250.063MHz)
  Total number of paths / destination ports: 375 / 26
-------------------------------------------------------------------------
Delay:               3.999ns (Levels of Logic = 3)
  Source:            pwm_counter/ctr_q_20 (FF)
  Destination:       pwm_generate[0].pwm/pwm_q (FF)
  Source Clock:      clk rising
  Destination Clock: clk rising

  Data Path: pwm_counter/ctr_q_20 to pwm_generate[0].pwm/pwm_q
                                Gate     Net
    Cell:in->out      fanout   Delay   Delay  Logical Name (Net Name)
    ----------------------------------------  ------------
     FDR:C->Q              3   0.525   1.196  pwm_counter/ctr_q_20 (pwm_counter/ctr_q_20)
     LUT5:I0->O            2   0.254   0.725  pwm_generate[0].pwm/pwm_d11 (pwm_generate[0].pwm/pwm_d11)
     MUXF7:S->O            1   0.185   0.790  pwm_generate[0].pwm/pwm_d13_SW1 (N9)
     LUT6:I4->O            1   0.250   0.000  pwm_generate[0].pwm/pwm_d21 (pwm_generate[0].pwm/pwm_d)
     FD:D                      0.074          pwm_generate[0].pwm/pwm_q
    ----------------------------------------
    Total                      3.999ns (1.288ns logic, 2.711ns route)
                                       (32.2% logic, 67.8% route)

=========================================================================
Timing constraint: Default OFFSET IN BEFORE for Clock 'clk'
  Total number of paths / destination ports: 25 / 25
-------------------------------------------------------------------------
Offset:              4.125ns (Levels of Logic = 2)
  Source:            rst_n (PAD)
  Destination:       pwm_generate[0].pwm/ctr_q_0 (FF)
  Destination Clock: clk rising

  Data Path: rst_n to pwm_generate[0].pwm/ctr_q_0
                                Gate     Net
    Cell:in->out      fanout   Delay   Delay  Logical Name (Net Name)
    ----------------------------------------  ------------
     IBUF:I->O             1   1.328   0.681  rst_n_IBUF (rst_n_IBUF)
     INV:I->O             25   0.255   1.402  rst1_INV_0 (rst)
     FDR:R                     0.459          pwm_generate[0].pwm/ctr_q_0
    ----------------------------------------
    Total                      4.125ns (2.042ns logic, 2.083ns route)
                                       (49.5% logic, 50.5% route)

=========================================================================
Timing constraint: Default OFFSET OUT AFTER for Clock 'clk'
  Total number of paths / destination ports: 8 / 8
-------------------------------------------------------------------------
Offset:              4.380ns (Levels of Logic = 1)
  Source:            pwm_generate[0].pwm/pwm_q (FF)
  Destination:       led<7> (PAD)
  Source Clock:      clk rising

  Data Path: pwm_generate[0].pwm/pwm_q to led<7>
                                Gate     Net
    Cell:in->out      fanout   Delay   Delay  Logical Name (Net Name)
    ----------------------------------------  ------------
     FD:C->Q               8   0.525   0.943  pwm_generate[0].pwm/pwm_q (pwm_generate[0].pwm/pwm_q)
     OBUF:I->O                 2.912          led_7_OBUF (led<7>)
    ----------------------------------------
    Total                      4.380ns (3.437ns logic, 0.943ns route)
                                       (78.5% logic, 21.5% route)

=========================================================================

Cross Clock Domains Report:
--------------------------

Clock to Setup on destination clock clk
---------------+---------+---------+---------+---------+
               | Src:Rise| Src:Fall| Src:Rise| Src:Fall|
Source Clock   |Dest:Rise|Dest:Rise|Dest:Fall|Dest:Fall|
---------------+---------+---------+---------+---------+
clk            |    3.999|         |         |         |
---------------+---------+---------+---------+---------+

=========================================================================


Total REAL time to Xst completion: 7.00 secs
Total CPU time to Xst completion: 5.40 secs
 
--> 


Total memory usage is 390884 kilobytes

Number of errors   :    0 (   0 filtered)
Number of warnings :   14 (   0 filtered)
Number of infos    :    8 (   0 filtered)

