Release 14.6 - ngc2edif P.68d (lin64)
Copyright (c) 1995-2013 Xilinx, Inc.  All rights reserved.
Reading design mojo_top.ngc ...
WARNING:NetListWriters:298 - No output is written to mojo_top.xncf, ignored.
Processing design ...
   Preping design's networks ...
   Preping design's macros ...
  finished :Prep
Writing EDIF netlist file mojo_top.edif ...
ngc2edif: Total memory usage is 103536 kilobytes

Release 14.6 - ngc2edif P.68d (lin64)
Copyright (c) 1995-2013 Xilinx, Inc.  All rights reserved.
Reading design mojo_top.ngc ...
WARNING:NetListWriters:298 - No output is written to mojo_top.xncf, ignored.
Processing design ...
   Preping design's networks ...
   Preping design's macros ...
  finished :Prep
Writing EDIF netlist file mojo_top.edif ...
ngc2edif: Total memory usage is 103532 kilobytes

Release 14.6 - ngc2edif P.68d (lin64)
Copyright (c) 1995-2013 Xilinx, Inc.  All rights reserved.
Reading design mojo_top.ngc ...
WARNING:NetListWriters:298 - No output is written to mojo_top.xncf, ignored.
Processing design ...
   Preping design's networks ...
   Preping design's macros ...
  finished :Prep
Writing EDIF netlist file mojo_top.edif ...
ngc2edif: Total memory usage is 103540 kilobytes

Release 14.6 - ngc2edif P.68d (lin64)
Copyright (c) 1995-2013 Xilinx, Inc.  All rights reserved.
Reading design mojo_top.ngc ...
WARNING:NetListWriters:298 - No output is written to mojo_top.xncf, ignored.
Processing design ...
   Preping design's networks ...
   Preping design's macros ...
  finished :Prep
Writing EDIF netlist file mojo_top.edif ...
ngc2edif: Total memory usage is 103532 kilobytes

Release 14.6 - ngc2edif P.68d (lin64)
Copyright (c) 1995-2013 Xilinx, Inc.  All rights reserved.
Reading design mojo_top.ngc ...
WARNING:NetListWriters:298 - No output is written to mojo_top.xncf, ignored.
Processing design ...
   Preping design's networks ...
   Preping design's macros ...
  finished :Prep
Writing EDIF netlist file mojo_top.edif ...
ngc2edif: Total memory usage is 103724 kilobytes

